2023-04-29 15:17:52.489  INFO 3244 --- [restartedMain] c.s.s.SmartParkingApplication            : Starting SmartParkingApplication on K500LTRV with PID 3244 (C:\Users\245252\training\spring\stack_java_bridge_bt_sl4j_exercise\target\classes started by 245252 in C:\Users\245252\training\spring\stack_java_bridge_bt_sl4j_exercise)
2023-04-29 15:17:52.500  INFO 3244 --- [restartedMain] c.s.s.SmartParkingApplication            : No active profile set, falling back to default profiles: default
2023-04-29 15:17:52.574  INFO 3244 --- [restartedMain] .e.DevToolsPropertyDefaultsPostProcessor : Devtools property defaults active! Set 'spring.devtools.add-properties' to 'false' to disable
2023-04-29 15:17:52.575  INFO 3244 --- [restartedMain] .e.DevToolsPropertyDefaultsPostProcessor : For additional web related logging consider setting the 'logging.level.web' property to 'DEBUG'
2023-04-29 15:17:54.068  INFO 3244 --- [restartedMain] .s.d.r.c.RepositoryConfigurationDelegate : Bootstrapping Spring Data JPA repositories in DEFERRED mode.
2023-04-29 15:17:54.235  INFO 3244 --- [restartedMain] .s.d.r.c.RepositoryConfigurationDelegate : Finished Spring Data repository scanning in 144ms. Found 1 JPA repository interfaces.
2023-04-29 15:17:55.446  INFO 3244 --- [restartedMain] o.s.b.w.embedded.tomcat.TomcatWebServer  : Tomcat initialized with port(s): 6089 (http)
2023-04-29 15:17:55.458  INFO 3244 --- [restartedMain] o.apache.catalina.core.StandardService   : Starting service [Tomcat]
2023-04-29 15:17:55.458  INFO 3244 --- [restartedMain] org.apache.catalina.core.StandardEngine  : Starting Servlet engine: [Apache Tomcat/9.0.36]
2023-04-29 15:17:55.658  INFO 3244 --- [restartedMain] o.a.c.c.C.[Tomcat].[localhost].[/]       : Initializing Spring embedded WebApplicationContext
2023-04-29 15:17:55.658  INFO 3244 --- [restartedMain] w.s.c.ServletWebServerApplicationContext : Root WebApplicationContext: initialization completed in 3083 ms
2023-04-29 15:17:55.737  INFO 3244 --- [restartedMain] com.zaxxer.hikari.HikariDataSource       : HikariPool-1 - Starting...
2023-04-29 15:17:56.147  INFO 3244 --- [restartedMain] com.zaxxer.hikari.HikariDataSource       : HikariPool-1 - Start completed.
2023-04-29 15:17:56.161  INFO 3244 --- [restartedMain] o.s.b.a.h2.H2ConsoleAutoConfiguration    : H2 console available at '/h2'. Database available at 'jdbc:h2:mem:parking'
2023-04-29 15:17:56.406  INFO 3244 --- [restartedMain] o.s.s.concurrent.ThreadPoolTaskExecutor  : Initializing ExecutorService 'applicationTaskExecutor'
2023-04-29 15:17:56.495  INFO 3244 --- [task-1] o.hibernate.jpa.internal.util.LogHelper  : HHH000204: Processing PersistenceUnitInfo [name: default]
2023-04-29 15:17:56.581  WARN 3244 --- [restartedMain] JpaBaseConfiguration$JpaWebConfiguration : spring.jpa.open-in-view is enabled by default. Therefore, database queries may be performed during view rendering. Explicitly configure spring.jpa.open-in-view to disable this warning
2023-04-29 15:17:56.589  INFO 3244 --- [task-1] org.hibernate.Version                    : HHH000412: Hibernate ORM core version 5.4.17.Final
2023-04-29 15:17:56.894  INFO 3244 --- [task-1] o.hibernate.annotations.common.Version   : HCANN000001: Hibernate Commons Annotations {5.1.0.Final}
2023-04-29 15:17:57.017  INFO 3244 --- [restartedMain] o.s.b.d.a.OptionalLiveReloadServer       : LiveReload server is running on port 35729
2023-04-29 15:17:57.155  INFO 3244 --- [restartedMain] o.s.b.w.embedded.tomcat.TomcatWebServer  : Tomcat started on port(s): 6089 (http) with context path ''
2023-04-29 15:17:57.159  INFO 3244 --- [restartedMain] DeferredRepositoryInitializationListener : Triggering deferred initialization of Spring Data repositories…
2023-04-29 15:17:57.189  INFO 3244 --- [task-1] org.hibernate.dialect.Dialect            : HHH000400: Using dialect: org.hibernate.dialect.H2Dialect
2023-04-29 15:17:58.234 DEBUG 3244 --- [task-1] org.hibernate.SQL                        : create table parking (parking_id integer not null, dimension varchar(255), vehicle_type varchar(255), primary key (parking_id))
2023-04-29 15:17:58.240 DEBUG 3244 --- [task-1] org.hibernate.SQL                        : create sequence hibernate_sequence start with 1 increment by 1
2023-04-29 15:17:58.241  INFO 3244 --- [task-1] o.h.e.t.j.p.i.JtaPlatformInitiator       : HHH000490: Using JtaPlatform implementation: [org.hibernate.engine.transaction.jta.platform.internal.NoJtaPlatform]
2023-04-29 15:17:58.249  INFO 3244 --- [task-1] j.LocalContainerEntityManagerFactoryBean : Initialized JPA EntityManagerFactory for persistence unit 'default'
2023-04-29 15:17:58.524  INFO 3244 --- [restartedMain] DeferredRepositoryInitializationListener : Spring Data repositories initialized!
2023-04-29 15:17:58.541  INFO 3244 --- [restartedMain] c.s.s.SmartParkingApplication            : Started SmartParkingApplication in 6.934 seconds (JVM running for 8.051)
